[debug] [2026-01-19T02:28:44.620Z] ----------------------------------------------------------------------
[debug] [2026-01-19T02:28:44.622Z] Command:       /opt/homebrew/Cellar/node/25.2.1/bin/node /opt/homebrew/bin/firebase deploy --only functions
[debug] [2026-01-19T02:28:44.622Z] CLI Version:   15.3.1
[debug] [2026-01-19T02:28:44.622Z] Platform:      darwin
[debug] [2026-01-19T02:28:44.622Z] Node Version:  v25.2.1
[debug] [2026-01-19T02:28:44.622Z] Time:          Sun Jan 18 2026 21:28:44 GMT-0500 (Colombia Standard Time)
[debug] [2026-01-19T02:28:44.622Z] ----------------------------------------------------------------------
[debug] 
[debug] [2026-01-19T02:28:45.594Z] > command requires scopes: ["email","openid","https://www.googleapis.com/auth/cloudplatformprojects.readonly","https://www.googleapis.com/auth/firebase","https://www.googleapis.com/auth/cloud-platform"]
[debug] [2026-01-19T02:28:45.594Z] > authorizing via signed-in user (juandavidr@gmail.com)
[debug] [2026-01-19T02:28:45.594Z] [iam] checking project urbly-2bae2 for permissions ["cloudfunctions.functions.create","cloudfunctions.functions.delete","cloudfunctions.functions.get","cloudfunctions.functions.list","cloudfunctions.functions.update","cloudfunctions.operations.get","firebase.projects.get"]
[debug] [2026-01-19T02:28:45.595Z] Checked if tokens are valid: true, expires at: 1768792907997
[debug] [2026-01-19T02:28:45.595Z] Checked if tokens are valid: true, expires at: 1768792907997
[debug] [2026-01-19T02:28:45.595Z] >>> [apiv2][query] POST https://cloudresourcemanager.googleapis.com/v1/projects/urbly-2bae2:testIamPermissions [none]
[debug] [2026-01-19T02:28:45.595Z] >>> [apiv2][(partial)header] POST https://cloudresourcemanager.googleapis.com/v1/projects/urbly-2bae2:testIamPermissions x-goog-quota-user=projects/urbly-2bae2
[debug] [2026-01-19T02:28:45.595Z] >>> [apiv2][body] POST https://cloudresourcemanager.googleapis.com/v1/projects/urbly-2bae2:testIamPermissions {"permissions":["cloudfunctions.functions.create","cloudfunctions.functions.delete","cloudfunctions.functions.get","cloudfunctions.functions.list","cloudfunctions.functions.update","cloudfunctions.operations.get","firebase.projects.get"]}
[debug] [2026-01-19T02:28:47.151Z] <<< [apiv2][status] POST https://cloudresourcemanager.googleapis.com/v1/projects/urbly-2bae2:testIamPermissions 200
[debug] [2026-01-19T02:28:47.151Z] <<< [apiv2][body] POST https://cloudresourcemanager.googleapis.com/v1/projects/urbly-2bae2:testIamPermissions {"permissions":["cloudfunctions.functions.create","cloudfunctions.functions.delete","cloudfunctions.functions.get","cloudfunctions.functions.list","cloudfunctions.functions.update","cloudfunctions.operations.get","firebase.projects.get"]}
[debug] [2026-01-19T02:28:47.151Z] Checked if tokens are valid: true, expires at: 1768792907997
[debug] [2026-01-19T02:28:47.151Z] Checked if tokens are valid: true, expires at: 1768792907997
[debug] [2026-01-19T02:28:47.151Z] >>> [apiv2][query] POST https://iam.googleapis.com/v1/projects/urbly-2bae2/serviceAccounts/urbly-2bae2@appspot.gserviceaccount.com:testIamPermissions [none]
[debug] [2026-01-19T02:28:47.151Z] >>> [apiv2][body] POST https://iam.googleapis.com/v1/projects/urbly-2bae2/serviceAccounts/urbly-2bae2@appspot.gserviceaccount.com:testIamPermissions {"permissions":["iam.serviceAccounts.actAs"]}
[debug] [2026-01-19T02:28:48.752Z] <<< [apiv2][status] POST https://iam.googleapis.com/v1/projects/urbly-2bae2/serviceAccounts/urbly-2bae2@appspot.gserviceaccount.com:testIamPermissions 200
[debug] [2026-01-19T02:28:48.752Z] <<< [apiv2][body] POST https://iam.googleapis.com/v1/projects/urbly-2bae2/serviceAccounts/urbly-2bae2@appspot.gserviceaccount.com:testIamPermissions {"permissions":["iam.serviceAccounts.actAs"]}
[info] 
[info] === Deploying to 'urbly-2bae2'...
[info] 
[info] i  deploying functions 
[debug] [2026-01-19T02:28:48.754Z] Checked if tokens are valid: true, expires at: 1768792907997
[debug] [2026-01-19T02:28:48.754Z] Checked if tokens are valid: true, expires at: 1768792907997
[debug] [2026-01-19T02:28:48.755Z] >>> [apiv2][query] GET https://cloudresourcemanager.googleapis.com/v1/projects/urbly-2bae2 [none]
[debug] [2026-01-19T02:28:48.881Z] <<< [apiv2][status] GET https://cloudresourcemanager.googleapis.com/v1/projects/urbly-2bae2 200
[debug] [2026-01-19T02:28:48.881Z] <<< [apiv2][body] GET https://cloudresourcemanager.googleapis.com/v1/projects/urbly-2bae2 {"projectNumber":"42842587885","projectId":"urbly-2bae2","lifecycleState":"ACTIVE","name":"urbly","labels":{"firebase":"enabled","firebase-core":"disabled"},"createTime":"2026-01-18T22:25:54.349506Z"}
[info] i  functions: preparing codebase default for deployment 
[info] i  functions: ensuring required API cloudfunctions.googleapis.com is enabled... 
[info] i  functions: ensuring required API cloudbuild.googleapis.com is enabled... 
[info] i  artifactregistry: ensuring required API artifactregistry.googleapis.com is enabled... 
[debug] [2026-01-19T02:28:48.882Z] Checked if tokens are valid: true, expires at: 1768792907997
[debug] [2026-01-19T02:28:48.882Z] Checked if tokens are valid: true, expires at: 1768792907997
[debug] [2026-01-19T02:28:48.883Z] >>> [apiv2][query] GET https://firebase.googleapis.com/v1beta1/projects/urbly-2bae2/adminSdkConfig [none]
[debug] [2026-01-19T02:28:50.361Z] <<< [apiv2][status] GET https://firebase.googleapis.com/v1beta1/projects/urbly-2bae2/adminSdkConfig 200
[debug] [2026-01-19T02:28:50.361Z] <<< [apiv2][body] GET https://firebase.googleapis.com/v1beta1/projects/urbly-2bae2/adminSdkConfig {"projectId":"urbly-2bae2","storageBucket":"urbly-2bae2.firebasestorage.app"}
[debug] [2026-01-19T02:28:50.361Z] Checked if tokens are valid: true, expires at: 1768792907997
[debug] [2026-01-19T02:28:50.361Z] Checked if tokens are valid: true, expires at: 1768792907997
[debug] [2026-01-19T02:28:50.361Z] >>> [apiv2][query] GET https://runtimeconfig.googleapis.com/v1beta1/projects/urbly-2bae2/configs [none]
[debug] [2026-01-19T02:28:51.874Z] <<< [apiv2][status] GET https://runtimeconfig.googleapis.com/v1beta1/projects/urbly-2bae2/configs 200
[debug] [2026-01-19T02:28:51.874Z] <<< [apiv2][body] GET https://runtimeconfig.googleapis.com/v1beta1/projects/urbly-2bae2/configs {}
